<?xml version="1.0" encoding="UTF-8"?>
<!-- Generated by org.testng.reporters.JUnitXMLReporter -->
<testsuite ignored="1" hostname="LAPTOP-HAM6EJ9F" failures="1" tests="6" name="car loan" time="0.066" errors="0" timestamp="2024-05-12T21:22:49 IST">
  <testcase classname="test.Day3" name="MobilesignoutcarLoan" time="0.005"/>
  <testcase classname="test.Day3" name="MobilesignoutcarLoan" time="0.002"/>
  <testcase classname="test.Day3" name="MobilesignoutcarLoan" time="0.002"/>
  <testcase classname="test.Day3" name="WebloginCarLoan" time="0.0">
    <failure type="org.testng.TestNGException" message="
Parameter &amp;apos;APIKeyUsername&amp;apos; is required by @Test on method WebloginCarLoan but has not been marked @Optional or defined
in C:\Users\91954\eclipse-workspace\final\1\TestNG_Framework_Part1_Tutorial\testng.xml">
      <![CDATA[org.testng.TestNGException: 
Parameter 'APIKeyUsername' is required by @Test on method WebloginCarLoan but has not been marked @Optional or defined
in C:\Users\91954\eclipse-workspace\final\1\TestNG_Framework_Part1_Tutorial\testng.xml
at java.base/java.util.ArrayList.forEach(ArrayList.java:1511)
at java.base/java.util.concurrent.FutureTask.run(FutureTask.java:264)
at java.base/java.util.concurrent.ThreadPoolExecutor.runWorker(ThreadPoolExecutor.java:1136)
at java.base/java.util.concurrent.ThreadPoolExecutor$Worker.run(ThreadPoolExecutor.java:635)
at java.base/java.lang.Thread.run(Thread.java:840)
... Removed 17 stack frames]]>
    </failure>
  </testcase> <!-- WebloginCarLoan -->
  <testcase classname="test.Day3" name="MobileLogincarLoan" time="0.002"/>
  <testcase classname="test.Day3" name="APIcarLoan" time="0.0">
    <skipped/>
  </testcase> <!-- APIcarLoan -->
  <testcase classname="test.Day3" name="MobilesignimcarLoan" time="0.0">
    <ignored/>
  </testcase> <!-- MobilesignimcarLoan -->
</testsuite> <!-- car loan -->
